<?xml version="1.0" encoding="UTF-8"?>
<testng-results skipped="0" failed="0" total="2" passed="2">
  <reporter-output>
  </reporter-output>
  <suite name="Default suite" duration-ms="14195" started-at="2022-03-02T14:31:39Z" finished-at="2022-03-02T14:31:53Z">
    <groups>
      <group name="ChromeWin32">
        <method signature="XboxTop5Test.testTop5()[pri:0, instance:xboxtestcases.XboxTop5Test@4b0b0854]" name="testTop5" class="xboxtestcases.XboxTop5Test"/>
      </group> <!-- ChromeWin32 -->
    </groups>
    <test name="Default test" duration-ms="14195" started-at="2022-03-02T14:31:39Z" finished-at="2022-03-02T14:31:53Z">
      <class name="xboxtestcases.XboxTop5Test">
        <test-method status="PASS" signature="setUpBrowser(java.lang.String, java.lang.String, java.lang.String, java.lang.String)[pri:0, instance:xboxtestcases.XboxTop5Test@4b0b0854]" name="setUpBrowser" is-config="true" duration-ms="1485" started-at="2022-03-02T08:31:39Z" finished-at="2022-03-02T08:31:40Z">
          <params>
            <param index="0">
              <value>
                <![CDATA[chrome]]>
              </value>
            </param>
            <param index="1">
              <value>
                <![CDATA[false]]>
              </value>
            </param>
            <param index="2">
              <value>
                <![CDATA[0]]>
              </value>
            </param>
            <param index="3">
              <value>
                <![CDATA[0]]>
              </value>
            </param>
          </params>
          <reporter-output>
          </reporter-output>
        </test-method> <!-- setUpBrowser -->
        <test-method status="PASS" signature="testTop5()[pri:0, instance:xboxtestcases.XboxTop5Test@4b0b0854]" name="testTop5" duration-ms="944" started-at="2022-03-02T08:31:40Z" finished-at="2022-03-02T08:31:41Z">
          <reporter-output>
          </reporter-output>
        </test-method> <!-- testTop5 -->
        <test-method status="PASS" signature="tearDown()[pri:0, instance:xboxtestcases.XboxTop5Test@4b0b0854]" name="tearDown" is-config="true" duration-ms="3162" started-at="2022-03-02T08:31:41Z" finished-at="2022-03-02T08:31:44Z">
          <reporter-output>
          </reporter-output>
        </test-method> <!-- tearDown -->
      </class> <!-- xboxtestcases.XboxTop5Test -->
      <class name="xboxtestcases.XboxUserGamesTest">
        <test-method status="PASS" signature="setUpBrowser(java.lang.String, java.lang.String, java.lang.String, java.lang.String)[pri:0, instance:xboxtestcases.XboxUserGamesTest@63021689]" name="setUpBrowser" is-config="true" duration-ms="1174" started-at="2022-03-02T08:31:44Z" finished-at="2022-03-02T08:31:45Z">
          <params>
            <param index="0">
              <value>
                <![CDATA[chrome]]>
              </value>
            </param>
            <param index="1">
              <value>
                <![CDATA[false]]>
              </value>
            </param>
            <param index="2">
              <value>
                <![CDATA[0]]>
              </value>
            </param>
            <param index="3">
              <value>
                <![CDATA[0]]>
              </value>
            </param>
          </params>
          <reporter-output>
          </reporter-output>
        </test-method> <!-- setUpBrowser -->
        <test-method status="PASS" signature="testTopGames()[pri:0, instance:xboxtestcases.XboxUserGamesTest@63021689]" name="testTopGames" duration-ms="4560" started-at="2022-03-02T08:31:45Z" finished-at="2022-03-02T08:31:50Z">
          <reporter-output>
          </reporter-output>
        </test-method> <!-- testTopGames -->
        <test-method status="PASS" signature="tearDown()[pri:0, instance:xboxtestcases.XboxUserGamesTest@63021689]" name="tearDown" is-config="true" duration-ms="2858" started-at="2022-03-02T08:31:50Z" finished-at="2022-03-02T08:31:53Z">
          <reporter-output>
          </reporter-output>
        </test-method> <!-- tearDown -->
      </class> <!-- xboxtestcases.XboxUserGamesTest -->
    </test> <!-- Default test -->
  </suite> <!-- Default suite -->
</testng-results>
